<?xml version="1.0" encoding="UTF-8"?>
<!-- Generated by org.testng.reporters.JUnitReportReporter -->
<testsuite skipped="0" hostname="Kiraci" name="firstTestNG.NewTest" tests="3" failures="0" timestamp="30 May 2017 16:49:34 GMT" time="12.324" errors="0">
  <testcase name="verifyHomepageTitle" time="0.031" classname="firstTestNG.NewTest"/>
  <testcase name="login" time="10.407" classname="firstTestNG.NewTest"/>
  <testcase name="logout" time="1.886" classname="firstTestNG.NewTest"/>
</testsuite> <!-- firstTestNG.NewTest -->
