<?xml version="1.0" encoding="UTF-8"?>
<!-- Generated by org.testng.reporters.JUnitReportReporter -->
<testsuite skipped="0" hostname="Kiraci" name="firstTestNG.NewTest" tests="1" failures="0" timestamp="24 May 2017 21:22:50 GMT" time="12.665" errors="0">
  <testcase name="verifyHomepageTitle" time="12.665" classname="firstTestNG.NewTest"/>
</testsuite> <!-- firstTestNG.NewTest -->
