<?xml version="1.0" encoding="UTF-8"?>
<!-- Generated by org.testng.reporters.JUnitReportReporter -->
<testsuite skipped="0" hostname="Kiraci" name="firstTestNG.NewTest" tests="1" failures="0" timestamp="26 May 2017 18:02:18 GMT" time="0.030" errors="0">
  <testcase name="verifyHomepageTitle" time="0.030" classname="firstTestNG.NewTest"/>
</testsuite> <!-- firstTestNG.NewTest -->
